[INFO] Scanning for projects...
[INFO] 
[INFO] ----------------------< vn.kurisu:trade-service >-----------------------
[INFO] Building trade-service 0.0.1-SNAPSHOT
[INFO]   from pom.xml
[INFO] --------------------------------[ jar ]---------------------------------
[INFO] 
[INFO] >>> spring-boot:3.3.0:run (default-cli) > test-compile @ trade-service >>>
[INFO] 
[INFO] --- resources:3.3.1:resources (default-resources) @ trade-service ---
[INFO] Copying 1 resource from src\main\resources to target\classes
[INFO] Copying 0 resource from src\main\resources to target\classes
[INFO] 
[INFO] --- compiler:3.13.0:compile (default-compile) @ trade-service ---
[INFO] Nothing to compile - all classes are up to date.
[INFO] 
[INFO] --- resources:3.3.1:testResources (default-testResources) @ trade-service ---
[INFO] skip non existing resourceDirectory C:\Users\Long Phung\OneDrive\Documents\DOAnCHuyenNganh\Microservice-FYB\trade-service\src\test\resources
[INFO] 
[INFO] --- compiler:3.13.0:testCompile (default-testCompile) @ trade-service ---
[INFO] No sources to compile
[INFO] 
[INFO] <<< spring-boot:3.3.0:run (default-cli) < test-compile @ trade-service <<<
[INFO] 
[INFO] 
[INFO] --- spring-boot:3.3.0:run (default-cli) @ trade-service ---
[INFO] Attaching agents: []
